<?xml version="1.0" encoding="UTF-8"?>
<!-- Generated by org.testng.reporters.JUnitXMLReporter -->
<testsuite hostname="PUNE-DT-0689" ignored="2" name="SEQRITE MDM SMOKE TEST" tests="6" failures="1" timestamp="27 Apr 2017 12:32:13 GMT" time="105.931" errors="0">
  <testcase name="verify_valid_user_login" time="3.819" classname="seqrite.mdm.test.LoginTest"/>
  <testcase name="verify_Add_New_User" time="23.399" classname="seqrite.mdm.test.UserTest">
    <failure type="org.openqa.selenium.TimeoutException" message="Expected condition failed: waiting for element to be clickable: By.xpath: //div[@class=&amp;apos;bootbox modal fade in&amp;apos;]/div/div/div/button[@class=&amp;apos;btn btn-primary&amp;apos;] (tried for 10 second(s) with 500 MILLISECONDS interval)">
      <![CDATA[org.openqa.selenium.TimeoutException: Expected condition failed: waiting for element to be clickable: By.xpath: //div[@class='bootbox modal fade in']/div/div/div/button[@class='btn btn-primary'] (tried for 10 second(s) with 500 MILLISECONDS interval)
	at org.openqa.selenium.support.ui.WebDriverWait.timeoutException(WebDriverWait.java:80)
	at org.openqa.selenium.support.ui.FluentWait.until(FluentWait.java:232)
	at seqrite.mdm.utils.ORReader.is_element_present(ORReader.java:107)
	at seqrite.mdm.appmodules.Users.check_add_new_user(Users.java:49)
	at seqrite.mdm.test.UserTest.verify_Add_New_User(UserTest.java:16)
Caused by: org.openqa.selenium.NoSuchElementException: Cannot locate an element using By.xpath: //div[@class='bootbox modal fade in']/div/div/div/button[@class='btn btn-primary']
For documentation on this error, please visit: http://seleniumhq.org/exceptions/no_such_element.html
Build info: version: '3.3.1', revision: '5234b325d5', time: '2017-03-10 09:10:29 +0000'
System info: host: 'PUNE-DT-0689', ip: '10.10.109.189', os.name: 'Windows 7', os.arch: 'amd64', os.version: '6.1', java.version: '1.8.0_77'
Driver info: driver.version: unknown
	at org.openqa.selenium.support.ui.ExpectedConditions.lambda$findElement$0(ExpectedConditions.java:883)
	at java.util.Optional.orElseThrow(Optional.java:290)
	at org.openqa.selenium.support.ui.ExpectedConditions.findElement(ExpectedConditions.java:882)
	at org.openqa.selenium.support.ui.ExpectedConditions.access$000(ExpectedConditions.java:44)
	at org.openqa.selenium.support.ui.ExpectedConditions$7.apply(ExpectedConditions.java:206)
	at org.openqa.selenium.support.ui.ExpectedConditions$7.apply(ExpectedConditions.java:202)
	at org.openqa.selenium.support.ui.ExpectedConditions$22.apply(ExpectedConditions.java:644)
	at org.openqa.selenium.support.ui.ExpectedConditions$22.apply(ExpectedConditions.java:641)
	at org.openqa.selenium.support.ui.FluentWait.until(FluentWait.java:209)
	... 28 more
... Removed 25 stack frames]]>
    </failure>
  </testcase> <!-- verify_Add_New_User -->
  <testcase name="verify_invalid_user_login_password" time="0.864" classname="seqrite.mdm.test.LoginTest"/>
  <testcase name="verify_Update_User" time="16.449" classname="seqrite.mdm.test.UserTest"/>
  <testcase name="verify_invalid_user_login_username" time="1.152" classname="seqrite.mdm.test.LoginTest"/>
  <testcase name="verify_Delete_User" time="9.524" classname="seqrite.mdm.test.UserTest"/>
  <testcase name="@AfterSuite end_of_test_suit" time="0.0" classname="seqrite.mdm.utils.Setup">
    <ignored/>
  </testcase> <!-- @AfterSuite end_of_test_suit -->
  <testcase name="@BeforeSuite loading_configurations" time="0.0" classname="seqrite.mdm.utils.Setup">
    <ignored/>
  </testcase> <!-- @BeforeSuite loading_configurations -->
</testsuite> <!-- SEQRITE MDM SMOKE TEST -->
